<?xml version="1.0" encoding="UTF-8"?>
<!-- Generated by org.testng.reporters.JUnitReportReporter -->
<testsuite hostname="mienpc" failures="0" tests="2" name="project.AddProjectTestCases" time="28.820" errors="0" timestamp="2024-03-08T20:14:38 ICT" skipped="0">
  <testcase classname="project.AddProjectTestCases" name="TC_ADDPRO_002" time="6.845"/>
  <system-out/>
  <testcase classname="project.AddProjectTestCases" name="TC_ADDPRO_001" time="21.975"/>
  <system-out/>
</testsuite> <!-- project.AddProjectTestCases -->
